Build started 27.4.2017 12:16:39.
     1>Project "D:\ra38\ORM\Vjezba9\Pcap-Project\Project\Project.vcxproj" on node 2 (build target(s)).
     1>InitializeBuildStatus:
         Touching ".\Debug\Project.unsuccessfulbuild".
       ClCompile:
         C:\Program Files (x86)\Microsoft Visual Studio 10.0\VC\bin\CL.exe /c /I../ /I../bpf/ /I../lbl/ /I../../Include/ /ZI /nologo /W3 /WX- /Od /Oy- /D _DEBUG /D WIN32 /D _CONSOLE /D _MBCS /D WPCAP /D HAVE_REMOTE /D _VC80_UPGRADE=0x0600 /D _UNICODE /D UNICODE /Gm /EHsc /RTC1 /MTd /GS /Gy- /fp:precise /Zc:wchar_t /Zc:forScope /Fo".\Debug\\" /Fd".\Debug\vc100.pdb" /Gd /TC /analyze- /errorReport:prompt vezba9.c
         vezba9.c
     1>d:\ra38\orm\vjezba9\pcap-project\project\vezba9.c(120): warning C4018: '<' : signed/unsigned mismatch
     1>d:\ra38\orm\vjezba9\pcap-project\project\vezba9.c(125): warning C4018: '<' : signed/unsigned mismatch
     1>d:\ra38\orm\vjezba9\pcap-project\project\vezba9.c(145): warning C4028: formal parameter 3 different from declaration
       Link:
         C:\Program Files (x86)\Microsoft Visual Studio 10.0\VC\bin\link.exe /ERRORREPORT:PROMPT /OUT:".\Debug\Project.exe" /INCREMENTAL:NO /NOLOGO odbc32.lib odbccp32.lib wsock32.lib ws2_32.lib Iphlpapi.lib ../../Lib/wpcap.lib kernel32.lib user32.lib gdi32.lib winspool.lib comdlg32.lib advapi32.lib shell32.lib ole32.lib oleaut32.lib uuid.lib odbc32.lib odbccp32.lib /MANIFEST /ManifestFile:".\Debug\Project.exe.intermediate.manifest" /MANIFESTUAC:"level='asInvoker' uiAccess='false'" /DEBUG /PDB:"D:\ra38\ORM\Vjezba9\Pcap-Project\Project\Debug\Project.pdb" /SUBSYSTEM:CONSOLE /TLBID:1 /DYNAMICBASE /NXCOMPAT /IMPLIB:".\Debug\Project.lib" /MACHINE:X86 .\Debug\vezba9.obj
     1>vezba9.obj : warning LNK4075: ignoring '/EDITANDCONTINUE' due to '/INCREMENTAL:NO' specification
         Project.vcxproj -> D:\ra38\ORM\Vjezba9\Pcap-Project\Project\.\Debug\Project.exe
       Manifest:
         C:\Program Files (x86)\Microsoft SDKs\Windows\v7.0A\bin\mt.exe /nologo /verbose /outputresource:".\Debug\Project.exe;#1" /manifest .\Debug\Project.exe.intermediate.manifest
       FinalizeBuildStatus:
         Deleting file ".\Debug\Project.unsuccessfulbuild".
         Touching ".\Debug\Project.lastbuildstate".
     1>Done Building Project "D:\ra38\ORM\Vjezba9\Pcap-Project\Project\Project.vcxproj" (build target(s)).

Build succeeded.

Time Elapsed 00:00:00.54
